===== push start 07/21/2026 16:39:38 =====
[master bc7e978] update
 1 file changed, 1 insertion(+), 1 deletion(-)
remote: error: GH013: Repository rule violations found for refs/heads/main.        
remote: 
remote: - GITHUB PUSH PROTECTION        
remote:   вЂ”вЂ”вЂ”вЂ”вЂ”вЂ”вЂ”вЂ”вЂ”вЂ”вЂ”вЂ”вЂ”вЂ”вЂ”вЂ”вЂ”вЂ”вЂ”вЂ”вЂ”вЂ”вЂ”вЂ”вЂ”вЂ”вЂ”вЂ”вЂ”вЂ”вЂ”вЂ”вЂ”вЂ”вЂ”вЂ”вЂ”вЂ”вЂ”вЂ”вЂ?       
remote:     Resolve the following violations before pushing again        
remote: 
remote:     - Push cannot contain secrets        
remote: 
remote:             
remote:      (?) Learn how to resolve a blocked push        
remote:      https://docs.github.com/code-security/secret-scanning/working-with-secret-scanning-and-push-protection/working-with-push-protection-from-the-command-line#resolving-a-blocked-push        
remote:             
remote:             
remote:       вЂ”вЂ?GitHub Personal Access Token вЂ”вЂ”вЂ”вЂ”вЂ”вЂ”вЂ”вЂ”вЂ”вЂ”вЂ”вЂ”вЂ”вЂ”вЂ”вЂ”вЂ”вЂ”вЂ”вЂ”вЂ”вЂ?       
remote:        locations:        
remote:          - commit: 936864a44aa14a0011f9088405ea76040f6c4c4e        
remote:            path: push.ps1:21        
remote:             
remote:        (?) To push, remove secret from commit(s) or follow this URL to allow the secret.        
remote:        https://github.com/SJli0525/scan/security/secret-scanning/unblock-secret/3Go0kNv6ikzD0CPg4pw62KaQkIZ        
remote:             
remote: 
remote: 
To https://github.com/SJli0525/scan.git
 ! [remote rejected] master -> main (push declined due to repository rule violations)
error: failed to push some refs to 'https://github.com/SJli0525/scan.git'
exit_code=1
